#
# A fatal error has been detected by the Java Runtime Environment:
#
#  SIGSEGV (0xb) at pc=0x00007f93f6005020, pid=7412, tid=0x00007f94170ac640
#
# JRE version: OpenJDK Runtime Environment (8.0_292-b10) (build 1.8.0_292-b10)
# Java VM: OpenJDK 64-Bit Server VM (25.292-b10 mixed mode linux-amd64 compressed oops)
# Problematic frame:
# C  0x00007f93f6005020
#
# Core dump written. Default location: /home/tape/Desktop/tpu_arduino/core or core.7412
#
# If you would like to submit a bug report, please visit:
#   http://bugreport.java.com/bugreport/crash.jsp
#

---------------  T H R E A D  ---------------

Current thread (0x00007f94440fe800):  JavaThread "MessageSiphon" [_thread_in_Java, id=7435, stack(0x00007f9416fac000,0x00007f94170ad000)]

siginfo: si_signo: 11 (SIGSEGV), si_code: 1 (SEGV_MAPERR), si_addr: 0x00007f93f6005020

Registers:
RAX=0x00000000ebd1d1a0, RBX=0x00000000ebd1d1a0, RCX=0x0000000000000472, RDX=0x0000000000000000
RSP=0x00007f94170ab5b8, RBP=0x00007f94170ab818, RSI=0x00000000ebd1d1a0, RDI=0x0000000000000472
R8 =0x0000000000000002, R9 =0x0000000000000002, R10=0x00007f944c9ff660, R11=0x00007f94354da040
R12=0x0000000000000000, R13=0x00007f94170ab7a0, R14=0x00007f9416be6ae0, R15=0x00007f94440fe800
RIP=0x00007f93f6005020, EFLAGS=0x0000000000010206, CSGSFS=0x002b000000000033, ERR=0x0000000000000014
  TRAPNO=0x000000000000000e

Top of Stack: (sp=0x00007f94170ab5b8)
0x00007f94170ab5b8:   00007f943544b124 00007f9448881cd0
0x00007f94170ab5c8:   0000000000000000 00007f94170ab5f0
0x00007f94170ab5d8:   00007f94170ab638 00007f9435007a40
0x00007f94170ab5e8:   0000000000000053 0000000000000001
0x00007f94170ab5f8:   00007f94170ab5f8 00007f9448978dc0
0x00007f94170ab608:   00007f94170ab678 00007f94489793a8
0x00007f94170ab618:   00000000ebc139e8 00000000ebd1d1a0
0x00007f94170ab628:   ffffffff00000000 00000000ebd1d158
0x00007f94170ab638:   00007f94170ab818 00007f94354da700
0x00007f94170ab648:   00007f94440fe800 0000000000000000
0x00007f94170ab658:   0000000000000053 0000000000002000
0x00007f94170ab668:   00007f9448978518 00007f94170ab818
0x00007f94170ab678:   00007f94354da204 0000000000000000
0x00007f94170ab688:   00007f94440fe800 00007f94170ab870
0x00007f94170ab698:   00007f943510aa4f 0000000000000001
0x00007f94170ab6a8:   6f6e69756472612f 2f35316f6e697564
0x00007f94170ab6b8:   2f656d6f682f3d68 79732e646c697562
0x00007f94170ab6c8:   00007f9435021f83 00007f9435021f83
0x00007f94170ab6d8:   00007f9435021f83 00007f9435021f83
0x00007f94170ab6e8:   0000002020000000 0000ffffff000000
0x00007f94170ab6f8:   0000000000000000 0000000000000000
0x00007f94170ab708:   0000000000000000 0000000000000000
0x00007f94170ab718:   0000000000000000 0000000000000000
0x00007f94170ab728:   2f656d6f682f3d68 79732e646c697562
0x00007f94170ab738:   00007f9435021f83 00007f9435021f83
0x00007f94170ab748:   00000000ebd1d1a0 00000000ebd1d188
0x00007f94170ab758:   00000000ebc139b8 0000ffff00000000
0x00007f94170ab768:   00000000ebd1d158 00007f94170ab770
0x00007f94170ab778:   00007f9448977fe8 00007f94170ab818
0x00007f94170ab788:   00007f9435007a40 00007f9416c2c700
0x00007f94170ab798:   00007f9435007a40 0000000000000002
0x00007f94170ab7a8:   0000000000000000 00000000ebd1d188 

Instructions: (pc=0x00007f93f6005020)
0x00007f93f6005000:   
[error occurred during error reporting (printing registers, top of stack, instructions near pc), id 0xb]

Register to memory mapping:

RAX=0x00000000ebd1d1a0 is an oop
java.nio.HeapCharBuffer 
 - klass: 'java/nio/HeapCharBuffer'
RBX=0x00000000ebd1d1a0 is an oop
java.nio.HeapCharBuffer 
 - klass: 'java/nio/HeapCharBuffer'
RCX=0x0000000000000472 is an unknown value
RDX=0x0000000000000000 is an unknown value
RSP=0x00007f94170ab5b8 is pointing into the stack for thread: 0x00007f94440fe800
RBP=0x00007f94170ab818 is pointing into the stack for thread: 0x00007f94440fe800
RSI=0x00000000ebd1d1a0 is an oop
java.nio.HeapCharBuffer 
 - klass: 'java/nio/HeapCharBuffer'
RDI=0x0000000000000472 is an unknown value
R8 =0x0000000000000002 is an unknown value
R9 =0x0000000000000002 is an unknown value
R10=0x00007f944c9ff660: <offset 0xdd1660> in /usr/lib/jvm/java-8-openjdk/jre/lib/amd64/server/libjvm.so at 0x00007f944bc2e000
R11=0x00007f94354da040 is at entry_point+32 in (nmethod*)0x00007f94354d9d90
R12=0x0000000000000000 is an unknown value
R13=0x00007f94170ab7a0 is pointing into the stack for thread: 0x00007f94440fe800
R14=0x00007f9416be6ae0 is pointing into metadata
R15=0x00007f94440fe800 is a thread


Stack: [0x00007f9416fac000,0x00007f94170ad000],  sp=0x00007f94170ab5b8,  free space=1021k
Native frames: (J=compiled Java code, j=interpreted, Vv=VM code, C=native code)
C  0x00007f93f6005020
J 1585 C1 sun.nio.cs.StreamDecoder.read0()I (116 bytes) @ 0x00007f94354d6414 [0x00007f94354d61e0+0x234]
C  0x00000000ebd0e8d0


---------------  P R O C E S S  ---------------

Java Threads: ( => current thread )
  0x00007f9444263000 JavaThread "MessageSiphon" [_thread_in_native, id=7436, stack(0x00007f94163bf000,0x00007f94164c0000)]
=>0x00007f94440fe800 JavaThread "MessageSiphon" [_thread_in_Java, id=7435, stack(0x00007f9416fac000,0x00007f94170ad000)]
  0x00007f93f8052800 JavaThread "JmmDNS pool-3-thread-1" [_thread_blocked, id=7433, stack(0x00007f94164c0000,0x00007f94165c1000)]
  0x00007f93f8051000 JavaThread "JmDNS(tape.local.).State.Timer" [_thread_blocked, id=7432, stack(0x00007f94165c1000,0x00007f94166c2000)]
  0x00007f93f804f800 JavaThread "JmDNS(tape.local.).Timer" daemon [_thread_blocked, id=7431, stack(0x00007f94166c2000,0x00007f94167c3000)]
  0x00007f93f8048000 JavaThread "SocketListener(tape.local.)" daemon [_thread_in_native, id=7430, stack(0x00007f94167c3000,0x00007f94168c4000)]
  0x00007f93f801c000 JavaThread "Multihomed mDNS.Timer" daemon [_thread_blocked, id=7429, stack(0x00007f94170ad000,0x00007f94171ae000)]
  0x00007f9404001800 JavaThread "cc.arduino.packages.discoverers.serial.SerialDiscovery" [_thread_blocked, id=7428, stack(0x00007f9416eab000,0x00007f9416fac000)]
  0x00007f94443b6000 JavaThread "process reaper" daemon [_thread_in_native, id=7425, stack(0x00007f9417c0c000,0x00007f9417c45000)]
  0x00007f94440c2800 JavaThread "Service Thread" daemon [_thread_blocked, id=7422, stack(0x00007f9417dfe000,0x00007f9417eff000)]
  0x00007f94440bd800 JavaThread "C1 CompilerThread1" daemon [_thread_blocked, id=7421, stack(0x00007f9417f00000,0x00007f9418000000)]
  0x00007f94440bb000 JavaThread "C2 CompilerThread0" daemon [_thread_blocked, id=7420, stack(0x00007f9434097000,0x00007f9434197000)]
  0x00007f94440b8000 JavaThread "Signal Dispatcher" daemon [_thread_blocked, id=7419, stack(0x00007f9434197000,0x00007f9434298000)]
  0x00007f9444083800 JavaThread "Finalizer" daemon [_thread_blocked, id=7418, stack(0x00007f94347f8000,0x00007f94348f9000)]
  0x00007f944407f000 JavaThread "Reference Handler" daemon [_thread_blocked, id=7417, stack(0x00007f94348f9000,0x00007f94349fa000)]
  0x00007f944400c000 JavaThread "main" [_thread_blocked, id=7413, stack(0x00007f944b9ea000,0x00007f944baea000)]

Other Threads:
  0x00007f9444075800 VMThread [stack: 0x00007f94349fb000,0x00007f9434afb000] [id=7416]
  0x00007f94440c5800 WatcherThread [stack: 0x00007f9417cfe000,0x00007f9417dfe000] [id=7423]

VM state:not at safepoint (normal execution)

VM Mutex/Monitor currently owned by a thread: None

heap address: 0x00000000c2a00000, size: 982 MB, Compressed Oops mode: 32-bit
Narrow klass base: 0x0000000000000000, Narrow klass shift: 3
Compressed class space size: 1073741824 Address: 0x0000000100000000

Heap:
 PSYoungGen      total 66048K, used 4986K [0x00000000eb900000, 0x00000000efc00000, 0x0000000100000000)
  eden space 63488K, 7% used [0x00000000eb900000,0x00000000ebdde950,0x00000000ef700000)
  from space 2560K, 0% used [0x00000000ef980000,0x00000000ef980000,0x00000000efc00000)
  to   space 2560K, 0% used [0x00000000ef700000,0x00000000ef700000,0x00000000ef980000)
 ParOldGen       total 44032K, used 14332K [0x00000000c2a00000, 0x00000000c5500000, 0x00000000eb900000)
  object space 44032K, 32% used [0x00000000c2a00000,0x00000000c37ff0b8,0x00000000c5500000)
 Metaspace       used 21359K, capacity 21746K, committed 22016K, reserved 1069056K
  class space    used 2694K, capacity 2808K, committed 2816K, reserved 1048576K

Card table byte_map: [0x00007f944b3d0000,0x00007f944b5bc000] byte_map_base: 0x00007f944adbb000

Marking Bits: (ParMarkBitMap*) 0x00007f944c9edf80
 Begin Bits: [0x00007f94491d6000, 0x00007f944a12e000)
 End Bits:   [0x00007f944a12e000, 0x00007f944b086000)

Polling page: 0x00007f944cc29000

CodeCache: size=245760Kb used=4976Kb max_used=4976Kb free=240783Kb
 bounds [0x00007f9435000000, 0x00007f94354e0000, 0x00007f9444000000]
 total_blobs=2031 nmethods=1588 adapters=357
 compilation: enabled

Compilation events (10 events):
Event: 2.521 Thread 0x00007f94440bd800 nmethod 1586 0x00007f94354d68d0 code [0x00007f94354d6a80, 0x00007f94354d6fb8]
Event: 2.521 Thread 0x00007f94440bd800 1587   !   3       java.nio.CharBuffer::wrap (20 bytes)
Event: 2.521 Thread 0x00007f94440bd800 nmethod 1587 0x00007f94354d7110 code [0x00007f94354d72a0, 0x00007f94354d7658]
Event: 2.521 Thread 0x00007f94440bd800 1588   !   3       java.nio.charset.CharsetDecoder::decode (287 bytes)
Event: 2.524 Thread 0x00007f94440bd800 nmethod 1588 0x00007f94354d78d0 code [0x00007f94354d7bc0, 0x00007f94354d9418]
Event: 2.553 Thread 0x00007f94440bd800 1591       3       sun.nio.cs.StreamDecoder::implRead (243 bytes)
Event: 2.555 Thread 0x00007f94440bd800 nmethod 1591 0x00007f94354d9d90 code [0x00007f94354da020, 0x00007f94354db608]
Event: 2.555 Thread 0x00007f94440bd800 1593       3       java.nio.Buffer::position (40 bytes)
Event: 2.555 Thread 0x00007f94440bd800 nmethod 1593 0x00007f94354dbed0 code [0x00007f94354dc040, 0x00007f94354dc308]
Event: 2.555 Thread 0x00007f94440bd800 1592   !   3       sun.nio.cs.StreamDecoder::read (196 bytes)

GC Heap History (10 events):
Event: 0.557 GC heap before
{Heap before GC invocations=1 (full 0):
 PSYoungGen      total 18432K, used 15872K [0x00000000eb900000, 0x00000000ecd80000, 0x0000000100000000)
  eden space 15872K, 100% used [0x00000000eb900000,0x00000000ec880000,0x00000000ec880000)
  from space 2560K, 0% used [0x00000000ecb00000,0x00000000ecb00000,0x00000000ecd80000)
  to   space 2560K, 0% used [0x00000000ec880000,0x00000000ec880000,0x00000000ecb00000)
 ParOldGen       total 42496K, used 0K [0x00000000c2a00000, 0x00000000c5380000, 0x00000000eb900000)
  object space 42496K, 0% used [0x00000000c2a00000,0x00000000c2a00000,0x00000000c5380000)
 Metaspace       used 7327K, capacity 7482K, committed 7552K, reserved 1056768K
  class space    used 838K, capacity 895K, committed 896K, reserved 1048576K
Event: 0.568 GC heap after
Heap after GC invocations=1 (full 0):
 PSYoungGen      total 18432K, used 2554K [0x00000000eb900000, 0x00000000edd00000, 0x0000000100000000)
  eden space 15872K, 0% used [0x00000000eb900000,0x00000000eb900000,0x00000000ec880000)
  from space 2560K, 99% used [0x00000000ec880000,0x00000000ecafead8,0x00000000ecb00000)
  to   space 2560K, 0% used [0x00000000eda80000,0x00000000eda80000,0x00000000edd00000)
 ParOldGen       total 42496K, used 1859K [0x00000000c2a00000, 0x00000000c5380000, 0x00000000eb900000)
  object space 42496K, 4% used [0x00000000c2a00000,0x00000000c2bd0cc8,0x00000000c5380000)
 Metaspace       used 7327K, capacity 7482K, committed 7552K, reserved 1056768K
  class space    used 838K, capacity 895K, committed 896K, reserved 1048576K
}
Event: 0.945 GC heap before
{Heap before GC invocations=2 (full 0):
 PSYoungGen      total 18432K, used 18426K [0x00000000eb900000, 0x00000000edd00000, 0x0000000100000000)
  eden space 15872K, 100% used [0x00000000eb900000,0x00000000ec880000,0x00000000ec880000)
  from space 2560K, 99% used [0x00000000ec880000,0x00000000ecafead8,0x00000000ecb00000)
  to   space 2560K, 0% used [0x00000000eda80000,0x00000000eda80000,0x00000000edd00000)
 ParOldGen       total 42496K, used 1859K [0x00000000c2a00000, 0x00000000c5380000, 0x00000000eb900000)
  object space 42496K, 4% used [0x00000000c2a00000,0x00000000c2bd0cc8,0x00000000c5380000)
 Metaspace       used 9972K, capacity 10144K, committed 10240K, reserved 1058816K
  class space    used 1110K, capacity 1184K, committed 1280K, reserved 1048576K
Event: 0.964 GC heap after
Heap after GC invocations=2 (full 0):
 PSYoungGen      total 34304K, used 2529K [0x00000000eb900000, 0x00000000edd00000, 0x0000000100000000)
  eden space 31744K, 0% used [0x00000000eb900000,0x00000000eb900000,0x00000000ed800000)
  from space 2560K, 98% used [0x00000000eda80000,0x00000000edcf8688,0x00000000edd00000)
  to   space 2560K, 0% used [0x00000000ed800000,0x00000000ed800000,0x00000000eda80000)
 ParOldGen       total 42496K, used 4590K [0x00000000c2a00000, 0x00000000c5380000, 0x00000000eb900000)
  object space 42496K, 10% used [0x00000000c2a00000,0x00000000c2e7b9d0,0x00000000c5380000)
 Metaspace       used 9972K, capacity 10144K, committed 10240K, reserved 1058816K
  class space    used 1110K, capacity 1184K, committed 1280K, reserved 1048576K
}
Event: 1.734 GC heap before
{Heap before GC invocations=3 (full 0):
 PSYoungGen      total 34304K, used 34273K [0x00000000eb900000, 0x00000000edd00000, 0x0000000100000000)
  eden space 31744K, 100% used [0x00000000eb900000,0x00000000ed800000,0x00000000ed800000)
  from space 2560K, 98% used [0x00000000eda80000,0x00000000edcf8688,0x00000000edd00000)
  to   space 2560K, 0% used [0x00000000ed800000,0x00000000ed800000,0x00000000eda80000)
 ParOldGen       total 42496K, used 4590K [0x00000000c2a00000, 0x00000000c5380000, 0x00000000eb900000)
  object space 42496K, 10% used [0x00000000c2a00000,0x00000000c2e7b9d0,0x00000000c5380000)
 Metaspace       used 14891K, capacity 15140K, committed 15232K, reserved 1062912K
  class space    used 1749K, capacity 1862K, committed 1920K, reserved 1048576K
Event: 1.760 GC heap after
Heap after GC invocations=3 (full 0):
 PSYoungGen      total 34304K, used 2539K [0x00000000eb900000, 0x00000000efc00000, 0x0000000100000000)
  eden space 31744K, 0% used [0x00000000eb900000,0x00000000eb900000,0x00000000ed800000)
  from space 2560K, 99% used [0x00000000ed800000,0x00000000eda7af38,0x00000000eda80000)
  to   space 2560K, 0% used [0x00000000ef980000,0x00000000ef980000,0x00000000efc00000)
 ParOldGen       total 42496K, used 9849K [0x00000000c2a00000, 0x00000000c5380000, 0x00000000eb900000)
  object space 42496K, 23% used [0x00000000c2a00000,0x00000000c339e718,0x00000000c5380000)
 Metaspace       used 14891K, capacity 15140K, committed 15232K, reserved 1062912K
  class space    used 1749K, capacity 1862K, committed 1920K, reserved 1048576K
}
Event: 2.290 GC heap before
{Heap before GC invocations=4 (full 0):
 PSYoungGen      total 34304K, used 32777K [0x00000000eb900000, 0x00000000efc00000, 0x0000000100000000)
  eden space 31744K, 95% used [0x00000000eb900000,0x00000000ed687730,0x00000000ed800000)
  from space 2560K, 99% used [0x00000000ed800000,0x00000000eda7af38,0x00000000eda80000)
  to   space 2560K, 0% used [0x00000000ef980000,0x00000000ef980000,0x00000000efc00000)
 ParOldGen       total 42496K, used 9849K [0x00000000c2a00000, 0x00000000c5380000, 0x00000000eb900000)
  object space 42496K, 23% used [0x00000000c2a00000,0x00000000c339e718,0x00000000c5380000)
 Metaspace       used 20879K, capacity 21112K, committed 21248K, reserved 1067008K
  class space    used 2639K, capacity 2729K, committed 2816K, reserved 1048576K
Event: 2.315 GC heap after
Heap after GC invocations=4 (full 0):
 PSYoungGen      total 66048K, used 2533K [0x00000000eb900000, 0x00000000efc00000, 0x0000000100000000)
  eden space 63488K, 0% used [0x00000000eb900000,0x00000000eb900000,0x00000000ef700000)
  from space 2560K, 98% used [0x00000000ef980000,0x00000000efbf9608,0x00000000efc00000)
  to   space 2560K, 0% used [0x00000000ef700000,0x00000000ef700000,0x00000000ef980000)
 ParOldGen       total 42496K, used 14016K [0x00000000c2a00000, 0x00000000c5380000, 0x00000000eb900000)
  object space 42496K, 32% used [0x00000000c2a00000,0x00000000c37b0358,0x00000000c5380000)
 Metaspace       used 20879K, capacity 21112K, committed 21248K, reserved 1067008K
  class space    used 2639K, capacity 2729K, committed 2816K, reserved 1048576K
}
Event: 2.315 GC heap before
{Heap before GC invocations=5 (full 1):
 PSYoungGen      total 66048K, used 2533K [0x00000000eb900000, 0x00000000efc00000, 0x0000000100000000)
  eden space 63488K, 0% used [0x00000000eb900000,0x00000000eb900000,0x00000000ef700000)
  from space 2560K, 98% used [0x00000000ef980000,0x00000000efbf9608,0x00000000efc00000)
  to   space 2560K, 0% used [0x00000000ef700000,0x00000000ef700000,0x00000000ef980000)
 ParOldGen       total 42496K, used 14016K [0x00000000c2a00000, 0x00000000c5380000, 0x00000000eb900000)
  object space 42496K, 32% used [0x00000000c2a00000,0x00000000c37b0358,0x00000000c5380000)
 Metaspace       used 20879K, capacity 21112K, committed 21248K, reserved 1067008K
  class space    used 2639K, capacity 2729K, committed 2816K, reserved 1048576K
Event: 2.393 GC heap after
Heap after GC invocations=5 (full 1):
 PSYoungGen      total 66048K, used 0K [0x00000000eb900000, 0x00000000efc00000, 0x0000000100000000)
  eden space 63488K, 0% used [0x00000000eb900000,0x00000000eb900000,0x00000000ef700000)
  from space 2560K, 0% used [0x00000000ef980000,0x00000000ef980000,0x00000000efc00000)
  to   space 2560K, 0% used [0x00000000ef700000,0x00000000ef700000,0x00000000ef980000)
 ParOldGen       total 44032K, used 14332K [0x00000000c2a00000, 0x00000000c5500000, 0x00000000eb900000)
  object space 44032K, 32% used [0x00000000c2a00000,0x00000000c37ff0b8,0x00000000c5500000)
 Metaspace       used 20879K, capacity 21112K, committed 21248K, reserved 1067008K
  class space    used 2639K, capacity 2729K, committed 2816K, reserved 1048576K
}

Deoptimization events (10 events):
Event: 1.226 Thread 0x00007f944400c000 Uncommon trap: reason=unstable_if action=reinterpret pc=0x00007f94352c0c78 method=java.util.HashMap.putVal(ILjava/lang/Object;Ljava/lang/Object;ZZ)Ljava/lang/Object; @ 94
Event: 1.936 Thread 0x00007f944400c000 Uncommon trap: reason=unstable_if action=reinterpret pc=0x00007f94352cb9d8 method=sun.misc.MetaIndex.mayContain(Ljava/lang/String;)Z @ 38
Event: 2.043 Thread 0x00007f944400c000 Uncommon trap: reason=unstable_if action=reinterpret pc=0x00007f94352f2018 method=java.util.HashMap.getNode(ILjava/lang/Object;)Ljava/util/HashMap$Node; @ 129
Event: 2.043 Thread 0x00007f944400c000 Uncommon trap: reason=unstable_if action=reinterpret pc=0x00007f94352eec28 method=java.util.HashMap.getNode(ILjava/lang/Object;)Ljava/util/HashMap$Node; @ 129
Event: 2.101 Thread 0x00007f944400c000 Uncommon trap: reason=unstable_if action=reinterpret pc=0x00007f94353dbfa8 method=java.lang.String.regionMatches(ZILjava/lang/String;II)Z @ 123
Event: 2.187 Thread 0x00007f944400c000 Uncommon trap: reason=unstable_if action=reinterpret pc=0x00007f94352caa4c method=java.lang.ThreadLocal$ThreadLocalMap.getEntry(Ljava/lang/ThreadLocal;)Ljava/lang/ThreadLocal$ThreadLocalMap$Entry; @ 29
Event: 2.187 Thread 0x00007f944400c000 Uncommon trap: reason=unstable_if action=reinterpret pc=0x00007f94352ca62c method=java.lang.ThreadLocal$ThreadLocalMap.getEntry(Ljava/lang/ThreadLocal;)Ljava/lang/ThreadLocal$ThreadLocalMap$Entry; @ 29
Event: 2.245 Thread 0x00007f944487b000 Uncommon trap: reason=null_check action=make_not_entrant pc=0x00007f9435309228 method=java.lang.StringCoding.deref(Ljava/lang/ThreadLocal;)Ljava/lang/Object; @ 4
Event: 2.408 Thread 0x00007f944487b000 Uncommon trap: reason=unstable_if action=reinterpret pc=0x00007f943540bfbc method=java.lang.String.substring(I)Ljava/lang/String; @ 35
Event: 2.475 Thread 0x00007f944400c000 Uncommon trap: reason=unstable_if action=reinterpret pc=0x00007f94353ed168 method=java.lang.AbstractStringBuilder.append(Ljava/lang/String;)Ljava/lang/AbstractStringBuilder; @ 1

Classes redefined (0 events):
No events

Internal exceptions (10 events):
Event: 2.259 Thread 0x00007f944400c000 Exception <a 'sun/nio/fs/UnixException'> (0x00000000ed2ee668) thrown at [/build/java8-openjdk/src/jdk8u-jdk8u292-b10/hotspot/src/share/vm/prims/jni.cpp, line 711]
Event: 2.260 Thread 0x00007f944400c000 Exception <a 'sun/nio/fs/UnixException'> (0x00000000ed2faa08) thrown at [/build/java8-openjdk/src/jdk8u-jdk8u292-b10/hotspot/src/share/vm/prims/jni.cpp, line 711]
Event: 2.435 Thread 0x00007f944400c000 Exception <a 'java/io/FileNotFoundException'> (0x00000000eb963f40) thrown at [/build/java8-openjdk/src/jdk8u-jdk8u292-b10/hotspot/src/share/vm/prims/jni.cpp, line 711]
Event: 2.435 Thread 0x00007f944400c000 Exception <a 'java/io/FileNotFoundException'> (0x00000000eb9648e0) thrown at [/build/java8-openjdk/src/jdk8u-jdk8u292-b10/hotspot/src/share/vm/prims/jni.cpp, line 711]
Event: 2.453 Thread 0x00007f944400c000 Exception <a 'sun/nio/fs/UnixException'> (0x00000000ebb25c08) thrown at [/build/java8-openjdk/src/jdk8u-jdk8u292-b10/hotspot/src/share/vm/prims/jni.cpp, line 711]
Event: 2.454 Thread 0x00007f944400c000 Exception <a 'sun/nio/fs/UnixException'> (0x00000000ebb31728) thrown at [/build/java8-openjdk/src/jdk8u-jdk8u292-b10/hotspot/src/share/vm/prims/jni.cpp, line 711]
Event: 2.454 Thread 0x00007f944400c000 Exception <a 'sun/nio/fs/UnixException'> (0x00000000ebb3d4f0) thrown at [/build/java8-openjdk/src/jdk8u-jdk8u292-b10/hotspot/src/share/vm/prims/jni.cpp, line 711]
Event: 2.455 Thread 0x00007f944400c000 Exception <a 'sun/nio/fs/UnixException'> (0x00000000ebb48b38) thrown at [/build/java8-openjdk/src/jdk8u-jdk8u292-b10/hotspot/src/share/vm/prims/jni.cpp, line 711]
Event: 2.455 Thread 0x00007f944400c000 Exception <a 'sun/nio/fs/UnixException'> (0x00000000ebb54ed8) thrown at [/build/java8-openjdk/src/jdk8u-jdk8u292-b10/hotspot/src/share/vm/prims/jni.cpp, line 711]
Event: 2.475 Thread 0x00007f944400c000 Implicit null exception at 0x00007f94353ecdb5 to 0x00007f94353ed155

Events (10 events):
Event: 2.481 loading class processing/app/helpers/ProcessUtils
Event: 2.481 loading class processing/app/helpers/ProcessUtils done
Event: 2.492 loading class processing/app/debug/MessageSiphon
Event: 2.492 loading class processing/app/debug/MessageSiphon done
Event: 2.494 loading class cc/arduino/Compiler
Event: 2.494 loading class cc/arduino/Compiler done
Event: 2.494 Thread 0x00007f94440fe800 Thread added: 0x00007f94440fe800
Event: 2.495 loading class cc/arduino/Compiler
Event: 2.495 loading class cc/arduino/Compiler done
Event: 2.495 Thread 0x00007f9444263000 Thread added: 0x00007f9444263000


Dynamic libraries:
c2a00000-c5500000 rw-p 00000000 00:00 0 
c5500000-eb900000 ---p 00000000 00:00 0 
eb900000-efc00000 rw-p 00000000 00:00 0 
efc00000-100000000 ---p 00000000 00:00 0 
100000000-1002c0000 rw-p 00000000 00:00 0 
1002c0000-140000000 ---p 00000000 00:00 0 
55e561c6d000-55e561c6e000 r--p 00000000 08:01 11540802                   /usr/lib/jvm/java-8-openjdk/jre/bin/java
55e561c6e000-55e561c6f000 r-xp 00001000 08:01 11540802                   /usr/lib/jvm/java-8-openjdk/jre/bin/java
55e561c6f000-55e561c70000 r--p 00002000 08:01 11540802                   /usr/lib/jvm/java-8-openjdk/jre/bin/java
55e561c70000-55e561c71000 r--p 00002000 08:01 11540802                   /usr/lib/jvm/java-8-openjdk/jre/bin/java
55e561c71000-55e561c72000 rw-p 00003000 08:01 11540802                   /usr/lib/jvm/java-8-openjdk/jre/bin/java
55e56251d000-55e56253e000 rw-p 00000000 00:00 0                          [heap]
7f93f8000000-7f93f8059000 rw-p 00000000 00:00 0 
7f93f8059000-7f93fc000000 ---p 00000000 00:00 0 
7f93fc000000-7f93fc021000 rw-p 00000000 00:00 0 
7f93fc021000-7f9400000000 ---p 00000000 00:00 0 
7f9400000000-7f9400021000 rw-p 00000000 00:00 0 
7f9400021000-7f9404000000 ---p 00000000 00:00 0 
7f9404000000-7f9404021000 rw-p 00000000 00:00 0 
7f9404021000-7f9408000000 ---p 00000000 00:00 0 
7f9408000000-7f9408021000 rw-p 00000000 00:00 0 
7f9408021000-7f940c000000 ---p 00000000 00:00 0 
7f940c000000-7f940c021000 rw-p 00000000 00:00 0 
7f940c021000-7f9410000000 ---p 00000000 00:00 0 
7f9410000000-7f941053b000 rw-p 00000000 00:00 0 
7f941053b000-7f9414000000 ---p 00000000 00:00 0 
7f94163bf000-7f94163c2000 ---p 00000000 00:00 0 
7f94163c2000-7f94164c0000 rw-p 00000000 00:00 0 
7f94164c0000-7f94164c3000 ---p 00000000 00:00 0 
7f94164c3000-7f94165c1000 rw-p 00000000 00:00 0 
7f94165c1000-7f94165c4000 ---p 00000000 00:00 0 
7f94165c4000-7f94166c2000 rw-p 00000000 00:00 0 
7f94166c2000-7f94166c5000 ---p 00000000 00:00 0 
7f94166c5000-7f94167c3000 rw-p 00000000 00:00 0 
7f94167c3000-7f94167c6000 ---p 00000000 00:00 0 
7f94167c6000-7f94168c4000 rw-p 00000000 00:00 0 
7f94168c4000-7f94168c6000 r--p 00000000 08:01 11409351                   /usr/lib/libXdmcp.so.6.0.0
7f94168c6000-7f94168c8000 r-xp 00002000 08:01 11409351                   /usr/lib/libXdmcp.so.6.0.0
7f94168c8000-7f94168ca000 r--p 00004000 08:01 11409351                   /usr/lib/libXdmcp.so.6.0.0
7f94168ca000-7f94168cb000 r--p 00005000 08:01 11409351                   /usr/lib/libXdmcp.so.6.0.0
7f94168cb000-7f94168cc000 rw-p 00006000 08:01 11409351                   /usr/lib/libXdmcp.so.6.0.0
7f94168cc000-7f94168d8000 r--p 00000000 08:01 11409681                   /usr/lib/libxcb.so.1.1.0
7f94168d8000-7f94168eb000 r-xp 0000c000 08:01 11409681                   /usr/lib/libxcb.so.1.1.0
7f94168eb000-7f94168f4000 r--p 0001f000 08:01 11409681                   /usr/lib/libxcb.so.1.1.0
7f94168f4000-7f94168f5000 r--p 00027000 08:01 11409681                   /usr/lib/libxcb.so.1.1.0
7f94168f5000-7f94168f6000 rw-p 00028000 08:01 11409681                   /usr/lib/libxcb.so.1.1.0
7f94168f6000-7f94168f9000 r--p 00000000 08:01 11416878                   /usr/lib/libXi.so.6.1.0
7f94168f9000-7f9416905000 r-xp 00003000 08:01 11416878                   /usr/lib/libXi.so.6.1.0
7f9416905000-7f9416908000 r--p 0000f000 08:01 11416878                   /usr/lib/libXi.so.6.1.0
7f9416908000-7f9416909000 r--p 00011000 08:01 11416878                   /usr/lib/libXi.so.6.1.0
7f9416909000-7f941690a000 rw-p 00012000 08:01 11416878                   /usr/lib/libXi.so.6.1.0
7f941690a000-7f941690c000 r--p 00000000 08:01 11416888                   /usr/lib/libXtst.so.6.1.0
7f941690c000-7f941690f000 r-xp 00002000 08:01 11416888                   /usr/lib/libXtst.so.6.1.0
7f941690f000-7f9416910000 r--p 00005000 08:01 11416888                   /usr/lib/libXtst.so.6.1.0
7f9416910000-7f9416911000 r--p 00005000 08:01 11416888                   /usr/lib/libXtst.so.6.1.0
7f9416911000-7f9416912000 rw-p 00006000 08:01 11416888                   /usr/lib/libXtst.so.6.1.0
7f9416912000-7f9416914000 r--p 00000000 08:01 11416885                   /usr/lib/libXrender.so.1.3.0
7f9416914000-7f941691b000 r-xp 00002000 08:01 11416885                   /usr/lib/libXrender.so.1.3.0
7f941691b000-7f941691d000 r--p 00009000 08:01 11416885                   /usr/lib/libXrender.so.1.3.0
7f941691d000-7f941691e000 r--p 0000a000 08:01 11416885                   /usr/lib/libXrender.so.1.3.0
7f941691e000-7f941691f000 rw-p 0000b000 08:01 11416885                   /usr/lib/libXrender.so.1.3.0
7f941691f000-7f941693b000 r--p 00000000 08:01 11409348                   /usr/lib/libX11.so.6.4.0
7f941693b000-7f94169c5000 r-xp 0001c000 08:01 11409348                   /usr/lib/libX11.so.6.4.0
7f94169c5000-7f9416a59000 r--p 000a6000 08:01 11409348                   /usr/lib/libX11.so.6.4.0
7f9416a59000-7f9416a5c000 r--p 00139000 08:01 11409348                   /usr/lib/libX11.so.6.4.0
7f9416a5c000-7f9416a60000 rw-p 0013c000 08:01 11409348                   /usr/lib/libX11.so.6.4.0
7f9416a81000-7f9416a91000 r--p 00000000 08:01 11540820                   /usr/lib/jvm/java-8-openjdk/jre/lib/amd64/libawt_xawt.so
7f9416a91000-7f9416acd000 r-xp 00010000 08:01 11540820                   /usr/lib/jvm/java-8-openjdk/jre/lib/amd64/libawt_xawt.so
7f9416acd000-7f9416ade000 r--p 0004c000 08:01 11540820                   /usr/lib/jvm/java-8-openjdk/jre/lib/amd64/libawt_xawt.so
7f9416ade000-7f9416adf000 ---p 0005d000 08:01 11540820                   /usr/lib/jvm/java-8-openjdk/jre/lib/amd64/libawt_xawt.so
7f9416adf000-7f9416ae0000 r--p 0005d000 08:01 11540820                   /usr/lib/jvm/java-8-openjdk/jre/lib/amd64/libawt_xawt.so
7f9416ae0000-7f9416ae2000 rw-p 0005e000 08:01 11540820                   /usr/lib/jvm/java-8-openjdk/jre/lib/amd64/libawt_xawt.so
7f9416ae2000-7f9416ae4000 rw-p 00000000 00:00 0 
7f9416ae4000-7f9416b11000 r--p 00000000 08:01 11540818                   /usr/lib/jvm/java-8-openjdk/jre/lib/amd64/libawt.so
7f9416b11000-7f9416b79000 r-xp 0002d000 08:01 11540818                   /usr/lib/jvm/java-8-openjdk/jre/lib/amd64/libawt.so
7f9416b79000-7f9416b85000 r--p 00095000 08:01 11540818                   /usr/lib/jvm/java-8-openjdk/jre/lib/amd64/libawt.so
7f9416b85000-7f9416b86000 ---p 000a1000 08:01 11540818                   /usr/lib/jvm/java-8-openjdk/jre/lib/amd64/libawt.so
7f9416b86000-7f9416b87000 r--p 000a1000 08:01 11540818                   /usr/lib/jvm/java-8-openjdk/jre/lib/amd64/libawt.so
7f9416b87000-7f9416b92000 rw-p 000a2000 08:01 11540818                   /usr/lib/jvm/java-8-openjdk/jre/lib/amd64/libawt.so
7f9416b92000-7f9416c77000 rw-p 00000000 00:00 0 
7f9416c77000-7f9416db7000 ---p 00000000 00:00 0 
7f9416db7000-7f9416db8000 r--p 00000000 08:01 11417240                   /usr/lib/libnss_mdns4.so.2
7f9416db8000-7f9416dba000 r-xp 00001000 08:01 11417240                   /usr/lib/libnss_mdns4.so.2
7f9416dba000-7f9416dbb000 r--p 00003000 08:01 11417240                   /usr/lib/libnss_mdns4.so.2
7f9416dbb000-7f9416dbc000 r--p 00003000 08:01 11417240                   /usr/lib/libnss_mdns4.so.2
7f9416dbc000-7f9416dbd000 rw-p 00004000 08:01 11417240                   /usr/lib/libnss_mdns4.so.2
7f9416dbd000-7f9416dbf000 r--p 00000000 08:01 11409555                   /usr/lib/libnss_dns-2.33.so
7f9416dbf000-7f9416dc3000 r-xp 00002000 08:01 11409555                   /usr/lib/libnss_dns-2.33.so
7f9416dc3000-7f9416dc4000 r--p 00006000 08:01 11409555                   /usr/lib/libnss_dns-2.33.so
7f9416dc4000-7f9416dc5000 r--p 00006000 08:01 11409555                   /usr/lib/libnss_dns-2.33.so
7f9416dc5000-7f9416dc6000 rw-p 00007000 08:01 11409555                   /usr/lib/libnss_dns-2.33.so
7f9416dc6000-7f9416dc9000 r--p 00000000 08:01 11409560                   /usr/lib/libnss_resolve.so.2
7f9416dc9000-7f9416de1000 r-xp 00003000 08:01 11409560                   /usr/lib/libnss_resolve.so.2
7f9416de1000-7f9416dea000 r--p 0001b000 08:01 11409560                   /usr/lib/libnss_resolve.so.2
7f9416dea000-7f9416deb000 r--p 00023000 08:01 11409560                   /usr/lib/libnss_resolve.so.2
7f9416deb000-7f9416dec000 rw-p 00024000 08:01 11409560                   /usr/lib/libnss_resolve.so.2
7f9416dec000-7f9416df0000 r--p 00000000 08:01 11409605                   /usr/lib/libresolv-2.33.so
7f9416df0000-7f9416dfe000 r-xp 00004000 08:01 11409605                   /usr/lib/libresolv-2.33.so
7f9416dfe000-7f9416e01000 r--p 00012000 08:01 11409605                   /usr/lib/libresolv-2.33.so
7f9416e01000-7f9416e02000 ---p 00015000 08:01 11409605                   /usr/lib/libresolv-2.33.so
7f9416e02000-7f9416e03000 r--p 00015000 08:01 11409605                   /usr/lib/libresolv-2.33.so
7f9416e03000-7f9416e04000 rw-p 00016000 08:01 11409605                   /usr/lib/libresolv-2.33.so
7f9416e04000-7f9416e06000 rw-p 00000000 00:00 0 
7f9416e06000-7f9416e07000 r--p 00000000 08:01 11417241                   /usr/lib/libnss_mdns4_minimal.so.2
7f9416e07000-7f9416e09000 r-xp 00001000 08:01 11417241                   /usr/lib/libnss_mdns4_minimal.so.2
7f9416e09000-7f9416e0a000 r--p 00003000 08:01 11417241                   /usr/lib/libnss_mdns4_minimal.so.2
7f9416e0a000-7f9416e0b000 r--p 00003000 08:01 11417241                   /usr/lib/libnss_mdns4_minimal.so.2
7f9416e0b000-7f9416e0c000 rw-p 00004000 08:01 11417241                   /usr/lib/libnss_mdns4_minimal.so.2
7f9416e0c000-7f9416e0f000 r--p 00000000 08:01 11409444                   /usr/lib/libgcc_s.so.1
7f9416e0f000-7f9416e21000 r-xp 00003000 08:01 11409444                   /usr/lib/libgcc_s.so.1
7f9416e21000-7f9416e24000 r--p 00015000 08:01 11409444                   /usr/lib/libgcc_s.so.1
7f9416e24000-7f9416e25000 ---p 00018000 08:01 11409444                   /usr/lib/libgcc_s.so.1
7f9416e25000-7f9416e26000 r--p 00018000 08:01 11409444                   /usr/lib/libgcc_s.so.1
7f9416e26000-7f9416e27000 rw-p 00019000 08:01 11409444                   /usr/lib/libgcc_s.so.1
7f9416e27000-7f9416e2a000 r--p 00000000 08:01 11409387                   /usr/lib/libcap.so.2.59
7f9416e2a000-7f9416e2e000 r-xp 00003000 08:01 11409387                   /usr/lib/libcap.so.2.59
7f9416e2e000-7f9416e30000 r--p 00007000 08:01 11409387                   /usr/lib/libcap.so.2.59
7f9416e30000-7f9416e31000 r--p 00008000 08:01 11409387                   /usr/lib/libcap.so.2.59
7f9416e31000-7f9416e32000 rw-p 00009000 08:01 11409387                   /usr/lib/libcap.so.2.59
7f9416e32000-7f9416e39000 r--p 00000000 08:01 11409559                   /usr/lib/libnss_mymachines.so.2
7f9416e39000-7f9416e70000 r-xp 00007000 08:01 11409559                   /usr/lib/libnss_mymachines.so.2
7f9416e70000-7f9416e84000 r--p 0003e000 08:01 11409559                   /usr/lib/libnss_mymachines.so.2
7f9416e84000-7f9416e85000 ---p 00052000 08:01 11409559                   /usr/lib/libnss_mymachines.so.2
7f9416e85000-7f9416e88000 r--p 00052000 08:01 11409559                   /usr/lib/libnss_mymachines.so.2
7f9416e88000-7f9416e89000 rw-p 00055000 08:01 11409559                   /usr/lib/libnss_mymachines.so.2
7f9416e89000-7f9416e8a000 rw-p 00000000 00:00 0 
7f9416e8c000-7f9416e8d000 r--p 00000000 08:01 11409349                   /usr/lib/libXau.so.6.0.0
7f9416e8d000-7f9416e8e000 r-xp 00001000 08:01 11409349                   /usr/lib/libXau.so.6.0.0
7f9416e8e000-7f9416e8f000 r--p 00002000 08:01 11409349                   /usr/lib/libXau.so.6.0.0
7f9416e8f000-7f9416e90000 r--p 00002000 08:01 11409349                   /usr/lib/libXau.so.6.0.0
7f9416e90000-7f9416e91000 rw-p 00003000 08:01 11409349                   /usr/lib/libXau.so.6.0.0
7f9416e91000-7f9416e95000 r--p 00000000 08:01 11409352                   /usr/lib/libXext.so.6.4.0
7f9416e95000-7f9416ea0000 r-xp 00004000 08:01 11409352                   /usr/lib/libXext.so.6.4.0
7f9416ea0000-7f9416ea4000 r--p 0000f000 08:01 11409352                   /usr/lib/libXext.so.6.4.0
7f9416ea4000-7f9416ea5000 r--p 00012000 08:01 11409352                   /usr/lib/libXext.so.6.4.0
7f9416ea5000-7f9416ea6000 rw-p 00013000 08:01 11409352                   /usr/lib/libXext.so.6.4.0
7f9416ea6000-7f9416eab000 r--s 002f9000 08:01 11540854                   /usr/lib/jvm/java-8-openjdk/jre/lib/charsets.jar
7f9416eab000-7f9416eae000 ---p 00000000 00:00 0 
7f9416eae000-7f9416fac000 rw-p 00000000 00:00 0 
7f9416fac000-7f9416faf000 ---p 00000000 00:00 0 
7f9416faf000-7f94170ad000 rw-p 00000000 00:00 0 
7f94170ad000-7f94170b0000 ---p 00000000 00:00 0 
7f94170b0000-7f94173ae000 rw-p 00000000 00:00 0 
7f94173ae000-7f94173c9000 r--s 001d6000 08:01 11540870                   /usr/lib/jvm/java-8-openjdk/jre/lib/ext/nashorn.jar
7f94173c9000-7f94175c9000 rw-p 00000000 00:00 0 
7f94175c9000-7f94175cd000 r--p 00000000 08:01 11540837                   /usr/lib/jvm/java-8-openjdk/jre/lib/amd64/libmanagement.so
7f94175cd000-7f94175d0000 r-xp 00004000 08:01 11540837                   /usr/lib/jvm/java-8-openjdk/jre/lib/amd64/libmanagement.so
7f94175d0000-7f94175d2000 r--p 00007000 08:01 11540837                   /usr/lib/jvm/java-8-openjdk/jre/lib/amd64/libmanagement.so
7f94175d2000-7f94175d3000 r--p 00008000 08:01 11540837                   /usr/lib/jvm/java-8-openjdk/jre/lib/amd64/libmanagement.so
7f94175d3000-7f94175d4000 rw-p 00009000 08:01 11540837                   /usr/lib/jvm/java-8-openjdk/jre/lib/amd64/libmanagement.so
7f94175d4000-7f94177d4000 rw-p 00000000 00:00 0 
7f94177d4000-7f94179d4000 rw-p 00000000 00:00 0 
7f94179d4000-7f9417bd4000 rw-p 00000000 00:00 0 
7f9417bd4000-7f9417bd6000 r--s 00016000 08:01 11540887                   /usr/lib/jvm/java-8-openjdk/jre/lib/jce.jar
7f9417bd6000-7f9417be7000 r--s 001bf000 08:01 11540893                   /usr/lib/jvm/java-8-openjdk/jre/lib/jsse.jar
7f9417be7000-7f9417bf3000 r--s 0008f000 08:01 11541044                   /usr/share/arduino/lib/xmlgraphics-commons-2.0.jar
7f9417bf3000-7f9417bf8000 r--s 00010000 08:01 11541043                   /usr/share/arduino/lib/xml-apis-ext-1.3.04.jar
7f9417bf8000-7f9417c00000 r--s 00028000 08:01 11541042                   /usr/share/arduino/lib/xml-apis-1.3.04.jar
7f9417c00000-7f9417c0c000 r--s 00110000 08:01 11541036                   /usr/share/arduino/lib/rsyntaxtextarea-3.0.3-SNAPSHOT.jar
7f9417c0c000-7f9417c0f000 ---p 00000000 00:00 0 
7f9417c0f000-7f9417c45000 rw-p 00000000 00:00 0 
7f9417c45000-7f9417c48000 r--p 00000000 08:01 11541030                   /usr/share/arduino/lib/liblistSerialsj.so
7f9417c48000-7f9417c57000 r-xp 00003000 08:01 11541030                   /usr/share/arduino/lib/liblistSerialsj.so
7f9417c57000-7f9417c5b000 r--p 00012000 08:01 11541030                   /usr/share/arduino/lib/liblistSerialsj.so
7f9417c5b000-7f9417c5c000 r--p 00015000 08:01 11541030                   /usr/share/arduino/lib/liblistSerialsj.so
7f9417c5c000-7f9417c5d000 rw-p 00016000 08:01 11541030                   /usr/share/arduino/lib/liblistSerialsj.so
7f9417c5d000-7f9417c8e000 rw-p 00000000 00:00 0 
7f9417c8e000-7f9417c93000 r--p 00000000 08:01 11540839                   /usr/lib/jvm/java-8-openjdk/jre/lib/amd64/libnet.so
7f9417c93000-7f9417ca3000 r-xp 00005000 08:01 11540839                   /usr/lib/jvm/java-8-openjdk/jre/lib/amd64/libnet.so
7f9417ca3000-7f9417ca7000 r--p 00015000 08:01 11540839                   /usr/lib/jvm/java-8-openjdk/jre/lib/amd64/libnet.so
7f9417ca7000-7f9417ca8000 r--p 00018000 08:01 11540839                   /usr/lib/jvm/java-8-openjdk/jre/lib/amd64/libnet.so
7f9417ca8000-7f9417ca9000 rw-p 00019000 08:01 11540839                   /usr/lib/jvm/java-8-openjdk/jre/lib/amd64/libnet.so
7f9417ca9000-7f9417cb0000 r--p 00000000 08:01 11540840                   /usr/lib/jvm/java-8-openjdk/jre/lib/amd64/libnio.so
7f9417cb0000-7f9417cb8000 r-xp 00007000 08:01 11540840                   /usr/lib/jvm/java-8-openjdk/jre/lib/amd64/libnio.so
7f9417cb8000-7f9417cbb000 r--p 0000f000 08:01 11540840                   /usr/lib/jvm/java-8-openjdk/jre/lib/amd64/libnio.so
7f9417cbb000-7f9417cbc000 ---p 00012000 08:01 11540840                   /usr/lib/jvm/java-8-openjdk/jre/lib/amd64/libnio.so
7f9417cbc000-7f9417cbd000 r--p 00012000 08:01 11540840                   /usr/lib/jvm/java-8-openjdk/jre/lib/amd64/libnio.so
7f9417cbd000-7f9417cbe000 rw-p 00013000 08:01 11540840                   /usr/lib/jvm/java-8-openjdk/jre/lib/amd64/libnio.so
7f9417cbe000-7f9417cc5000 r--s 00062000 08:01 11541033                   /usr/share/arduino/lib/pde.jar
7f9417cc5000-7f9417ce7000 r--s 00176000 08:01 11541032                   /usr/share/arduino/lib/log4j-core-2.12.0.jar
7f9417ce7000-7f9417cfd000 r--s 001b0000 08:01 11541024                   /usr/share/arduino/lib/jna-platform-4.2.2.jar
7f9417cfd000-7f9417cfe000 ---p 00000000 00:00 0 
7f9417cfe000-7f9417dfe000 rw-p 00000000 00:00 0 
7f9417dfe000-7f9417e01000 ---p 00000000 00:00 0 
7f9417e01000-7f9417eff000 rw-p 00000000 00:00 0 
7f9417eff000-7f9417f00000 ---p 00000000 00:00 0 
7f9417f00000-7f9417f03000 ---p 00000000 00:00 0 
7f9417f03000-7f9418000000 rw-p 00000000 00:00 0 
7f9418000000-7f9418021000 rw-p 00000000 00:00 0 
7f9418021000-7f941c000000 ---p 00000000 00:00 0 
7f941c000000-7f941c4b7000 rw-p 00000000 00:00 0 
7f941c4b7000-7f9420000000 ---p 00000000 00:00 0 
7f9420000000-7f9420021000 rw-p 00000000 00:00 0 
7f9420021000-7f9424000000 ---p 00000000 00:00 0 
7f9424000000-7f9424021000 rw-p 00000000 00:00 0 
7f9424021000-7f9428000000 ---p 00000000 00:00 0 
7f9428000000-7f9428021000 rw-p 00000000 00:00 0 
7f9428021000-7f942c000000 ---p 00000000 00:00 0 
7f942c000000-7f942c021000 rw-p 00000000 00:00 0 
7f942c021000-7f9430000000 ---p 00000000 00:00 0 
7f9430000000-7f9430021000 rw-p 00000000 00:00 0 
7f9430021000-7f9434000000 ---p 00000000 00:00 0 
7f9434001000-7f9434002000 r--s 00002000 08:01 11541038                   /usr/share/arduino/lib/slf4j-simple-1.7.22.jar
7f9434002000-7f9434004000 r--s 00009000 08:01 11541037                   /usr/share/arduino/lib/slf4j-api-1.7.22.jar
7f9434004000-7f943400a000 r--s 0003d000 08:01 11541031                   /usr/share/arduino/lib/log4j-api-2.12.0.jar
7f943400a000-7f943400d000 r--s 0004f000 08:01 11541027                   /usr/share/arduino/lib/jtouchbar-1.0.0.jar
7f943400d000-7f9434011000 r--s 0003b000 08:01 11541025                   /usr/share/arduino/lib/jsch-0.1.50.jar
7f9434011000-7f9434015000 r--s 00112000 08:01 11541023                   /usr/share/arduino/lib/jna-4.2.2.jar
7f9434015000-7f9434019000 r--s 00031000 08:01 11541022                   /usr/share/arduino/lib/jmdns-3.5.5.jar
7f9434019000-7f943401b000 r--s 00009000 08:01 11541021                   /usr/share/arduino/lib/java-semver-0.8.0.jar
7f943401b000-7f943402e000 r--s 00135000 08:01 11541020                   /usr/share/arduino/lib/jackson-databind-2.9.5.jar
7f943402e000-7f9434032000 r--s 0004b000 08:01 11541019                   /usr/share/arduino/lib/jackson-core-2.9.5.jar
7f9434032000-7f9434035000 r--s 0000e000 08:01 11541018                   /usr/share/arduino/lib/jackson-annotations-2.9.5.jar
7f9434035000-7f943403b000 r--s 0003f000 08:01 11541014                   /usr/share/arduino/lib/commons-net-3.3.jar
7f943403b000-7f943403d000 r--s 00008000 08:01 11541013                   /usr/share/arduino/lib/commons-logging-1.0.4.jar
7f943403d000-7f9434045000 r--s 00073000 08:01 11541012                   /usr/share/arduino/lib/commons-lang3-3.8.1.jar
7f9434045000-7f9434049000 r--s 00031000 08:01 11541011                   /usr/share/arduino/lib/commons-io-2.6.jar
7f9434049000-7f943404f000 r--s 00045000 08:01 11541010                   /usr/share/arduino/lib/commons-httpclient-3.1.jar
7f943404f000-7f9434056000 r--s 00053000 08:01 11541008                   /usr/share/arduino/lib/commons-compress-1.8.jar
7f9434056000-7f9434096000 r--s 00285000 08:01 11541006                   /usr/share/arduino/lib/bcprov-jdk15on-152.jar
7f9434096000-7f9434097000 ---p 00000000 00:00 0 
7f9434097000-7f943409a000 ---p 00000000 00:00 0 
7f943409a000-7f9434197000 rw-p 00000000 00:00 0 
7f9434197000-7f943419a000 ---p 00000000 00:00 0 
7f943419a000-7f9434298000 rw-p 00000000 00:00 0 
7f9434298000-7f94347f8000 r--p 00000000 08:01 11412993                   /usr/lib/locale/locale-archive
7f94347f8000-7f94347fb000 ---p 00000000 00:00 0 
7f94347fb000-7f94348f9000 rw-p 00000000 00:00 0 
7f94348f9000-7f94348fc000 ---p 00000000 00:00 0 
7f94348fc000-7f94349fa000 rw-p 00000000 00:00 0 
7f94349fa000-7f94349fb000 ---p 00000000 00:00 0 
7f94349fb000-7f9435000000 rw-p 00000000 00:00 0 
7f9435000000-7f94354e0000 rwxp 00000000 00:00 0 
7f94354e0000-7f9444000000 ---p 00000000 00:00 0 
7f9444000000-7f94448b6000 rw-p 00000000 00:00 0 
7f94448b6000-7f9448000000 ---p 00000000 00:00 0 
7f9448000000-7f9448001000 r--s 00027000 08:01 11541026                   /usr/share/arduino/lib/jssc-2.8.0-arduino4.jar
7f9448001000-7f9448003000 r--s 0000b000 08:01 11541009                   /usr/share/arduino/lib/commons-exec-1.1.jar
7f9448003000-7f944800a000 r--s 00039000 08:01 11541007                   /usr/share/arduino/lib/commons-codec-1.7.jar
7f944800a000-7f9448011000 r--s 0003c000 08:01 11541005                   /usr/share/arduino/lib/bcpg-jdk15on-152.jar
7f9448011000-7f9448012000 r--s 00006000 08:01 11541004                   /usr/share/arduino/lib/batik-xml-1.8.jar
7f9448012000-7f9448015000 r--s 00018000 08:01 11541003                   /usr/share/arduino/lib/batik-util-1.8.jar
7f9448015000-7f9448018000 r--s 00014000 08:01 11541002                   /usr/share/arduino/lib/batik-transcoder-1.8.jar
7f9448018000-7f944801d000 r--s 00031000 08:01 11541000                   /usr/share/arduino/lib/batik-svg-dom-1.8.jar
7f944801d000-7f944801f000 r--s 00003000 08:01 11540998                   /usr/share/arduino/lib/batik-script-1.8.jar
7f944801f000-7f9448022000 r--s 0000b000 08:01 11540996                   /usr/share/arduino/lib/batik-parser-1.8.jar
7f9448022000-7f9448026000 r--s 00020000 08:01 11540995                   /usr/share/arduino/lib/batik-gvt-1.8.jar
7f9448026000-7f944802a000 r--s 0001f000 08:01 11540993                   /usr/share/arduino/lib/batik-dom-1.8.jar
7f944802a000-7f9448031000 r--s 00038000 08:01 11540992                   /usr/share/arduino/lib/batik-css-1.8.jar
7f9448031000-7f9448034000 r--s 00018000 08:01 11540991                   /usr/share/arduino/lib/batik-codec-1.8.jar
7f9448034000-7f9448040000 r--s 00076000 08:01 11540990                   /usr/share/arduino/lib/batik-bridge-1.8.jar
7f9448040000-7f9448047000 r--s 00043000 08:01 11540989                   /usr/share/arduino/lib/batik-awt-util-1.8.jar
7f9448047000-7f9448053000 r--s 00051000 08:01 11540988                   /usr/share/arduino/lib/batik-anim-1.8.jar
7f9448053000-7f9448055000 r--s 00003000 08:01 11541001                   /usr/share/arduino/lib/batik-svgpp-1.8.jar
7f9448055000-7f944805e000 r--s 00072000 08:01 11540999                   /usr/share/arduino/lib/batik-squiggle-1.8.jar
7f944805e000-7f9448065000 r--s 0018f000 08:01 11540983                   /usr/share/arduino/lib/arduino-core.jar
7f9448065000-7f944806b000 r--s 000d3000 08:01 11540890                   /usr/lib/jvm/java-8-openjdk/jre/lib/jfr.jar
7f944806b000-7f9448520000 rw-p 00000000 00:00 0 
7f9448520000-7f94486f2000 r--s 03ca4000 08:01 11540907                   /usr/lib/jvm/java-8-openjdk/jre/lib/rt.jar
7f94486f2000-7f944b086000 rw-p 00000000 00:00 0 
7f944b086000-7f944b087000 ---p 00000000 00:00 0 
7f944b087000-7f944b187000 rw-p 00000000 00:00 0 
7f944b187000-7f944b188000 ---p 00000000 00:00 0 
7f944b188000-7f944b29e000 rw-p 00000000 00:00 0 
7f944b29e000-7f944b3d0000 ---p 00000000 00:00 0 
7f944b3d0000-7f944b3e6000 rw-p 00000000 00:00 0 
7f944b3e6000-7f944b517000 ---p 00000000 00:00 0 
7f944b517000-7f944b539000 rw-p 00000000 00:00 0 
7f944b539000-7f944b5bb000 ---p 00000000 00:00 0 
7f944b5bb000-7f944b5d0000 rw-p 00000000 00:00 0 
7f944b5d0000-7f944b97c000 ---p 00000000 00:00 0 
7f944b97c000-7f944b97f000 r--p 00000000 08:01 11409556                   /usr/lib/libnss_files-2.33.so
7f944b97f000-7f944b986000 r-xp 00003000 08:01 11409556                   /usr/lib/libnss_files-2.33.so
7f944b986000-7f944b988000 r--p 0000a000 08:01 11409556                   /usr/lib/libnss_files-2.33.so
7f944b988000-7f944b989000 r--p 0000b000 08:01 11409556                   /usr/lib/libnss_files-2.33.so
7f944b989000-7f944b98a000 rw-p 0000c000 08:01 11409556                   /usr/lib/libnss_files-2.33.so
7f944b98a000-7f944b990000 rw-p 00000000 00:00 0 
7f944b990000-7f944b992000 r--s 0000a000 08:01 11540997                   /usr/share/arduino/lib/batik-rasterizer-1.8.jar
7f944b992000-7f944b9a6000 rw-p 00000000 00:00 0 
7f944b9a6000-7f944b9a9000 r--p 00000000 08:01 11540847                   /usr/lib/jvm/java-8-openjdk/jre/lib/amd64/libzip.so
7f944b9a9000-7f944b9ad000 r-xp 00003000 08:01 11540847                   /usr/lib/jvm/java-8-openjdk/jre/lib/amd64/libzip.so
7f944b9ad000-7f944b9af000 r--p 00007000 08:01 11540847                   /usr/lib/jvm/java-8-openjdk/jre/lib/amd64/libzip.so
7f944b9af000-7f944b9b0000 r--p 00008000 08:01 11540847                   /usr/lib/jvm/java-8-openjdk/jre/lib/amd64/libzip.so
7f944b9b0000-7f944b9b1000 rw-p 00009000 08:01 11540847                   /usr/lib/jvm/java-8-openjdk/jre/lib/amd64/libzip.so
7f944b9b1000-7f944b9be000 r--p 00000000 08:01 11540829                   /usr/lib/jvm/java-8-openjdk/jre/lib/amd64/libjava.so
7f944b9be000-7f944b9d4000 r-xp 0000d000 08:01 11540829                   /usr/lib/jvm/java-8-openjdk/jre/lib/amd64/libjava.so
7f944b9d4000-7f944b9db000 r--p 00023000 08:01 11540829                   /usr/lib/jvm/java-8-openjdk/jre/lib/amd64/libjava.so
7f944b9db000-7f944b9dc000 r--p 00029000 08:01 11540829                   /usr/lib/jvm/java-8-openjdk/jre/lib/amd64/libjava.so
7f944b9dc000-7f944b9dd000 rw-p 0002a000 08:01 11540829                   /usr/lib/jvm/java-8-openjdk/jre/lib/amd64/libjava.so
7f944b9dd000-7f944b9de000 rw-p 00000000 00:00 0 
7f944b9de000-7f944b9e1000 r--p 00000000 08:01 11409607                   /usr/lib/librt-2.33.so
7f944b9e1000-7f944b9e5000 r-xp 00003000 08:01 11409607                   /usr/lib/librt-2.33.so
7f944b9e5000-7f944b9e7000 r--p 00007000 08:01 11409607                   /usr/lib/librt-2.33.so
7f944b9e7000-7f944b9e8000 r--p 00008000 08:01 11409607                   /usr/lib/librt-2.33.so
7f944b9e8000-7f944b9e9000 rw-p 00009000 08:01 11409607                   /usr/lib/librt-2.33.so
7f944b9e9000-7f944b9ea000 ---p 00000000 00:00 0 
7f944b9ea000-7f944b9ed000 ---p 00000000 00:00 0 
7f944b9ed000-7f944baea000 rw-p 00000000 00:00 0 
7f944baea000-7f944baf9000 r--p 00000000 08:01 11409514                   /usr/lib/libm-2.33.so
7f944baf9000-7f944bb93000 r-xp 0000f000 08:01 11409514                   /usr/lib/libm-2.33.so
7f944bb93000-7f944bc2b000 r--p 000a9000 08:01 11409514                   /usr/lib/libm-2.33.so
7f944bc2b000-7f944bc2c000 ---p 00141000 08:01 11409514                   /usr/lib/libm-2.33.so
7f944bc2c000-7f944bc2d000 r--p 00141000 08:01 11409514                   /usr/lib/libm-2.33.so
7f944bc2d000-7f944bc2e000 rw-p 00142000 08:01 11409514                   /usr/lib/libm-2.33.so
7f944bc2e000-7f944be25000 r--p 00000000 08:01 11540851                   /usr/lib/jvm/java-8-openjdk/jre/lib/amd64/server/libjvm.so
7f944be25000-7f944c75e000 r-xp 001f7000 08:01 11540851                   /usr/lib/jvm/java-8-openjdk/jre/lib/amd64/server/libjvm.so
7f944c75e000-7f944c917000 r--p 00b30000 08:01 11540851                   /usr/lib/jvm/java-8-openjdk/jre/lib/amd64/server/libjvm.so
7f944c917000-7f944c918000 ---p 00ce9000 08:01 11540851                   /usr/lib/jvm/java-8-openjdk/jre/lib/amd64/server/libjvm.so
7f944c918000-7f944c9af000 r--p 00ce9000 08:01 11540851                   /usr/lib/jvm/java-8-openjdk/jre/lib/amd64/server/libjvm.so
7f944c9af000-7f944c9d8000 rw-p 00d80000 08:01 11540851                   /usr/lib/jvm/java-8-openjdk/jre/lib/amd64/server/libjvm.so
7f944c9d8000-7f944ca0d000 rw-p 00000000 00:00 0 
7f944ca0d000-7f944ca14000 r--p 00000000 08:01 11409596                   /usr/lib/libpthread-2.33.so
7f944ca14000-7f944ca23000 r-xp 00007000 08:01 11409596                   /usr/lib/libpthread-2.33.so
7f944ca23000-7f944ca27000 r--p 00016000 08:01 11409596                   /usr/lib/libpthread-2.33.so
7f944ca27000-7f944ca28000 ---p 0001a000 08:01 11409596                   /usr/lib/libpthread-2.33.so
7f944ca28000-7f944ca29000 r--p 0001a000 08:01 11409596                   /usr/lib/libpthread-2.33.so
7f944ca29000-7f944ca2a000 rw-p 0001b000 08:01 11409596                   /usr/lib/libpthread-2.33.so
7f944ca2a000-7f944ca2e000 rw-p 00000000 00:00 0 
7f944ca2e000-7f944ca30000 r--p 00000000 08:01 11409407                   /usr/lib/libdl-2.33.so
7f944ca30000-7f944ca32000 r-xp 00002000 08:01 11409407                   /usr/lib/libdl-2.33.so
7f944ca32000-7f944ca33000 r--p 00004000 08:01 11409407                   /usr/lib/libdl-2.33.so
7f944ca33000-7f944ca34000 r--p 00004000 08:01 11409407                   /usr/lib/libdl-2.33.so
7f944ca34000-7f944ca35000 rw-p 00005000 08:01 11409407                   /usr/lib/libdl-2.33.so
7f944ca35000-7f944ca38000 r--p 00000000 08:01 11409687                   /usr/lib/libz.so.1.2.11
7f944ca38000-7f944ca46000 r-xp 00003000 08:01 11409687                   /usr/lib/libz.so.1.2.11
7f944ca46000-7f944ca4c000 r--p 00011000 08:01 11409687                   /usr/lib/libz.so.1.2.11
7f944ca4c000-7f944ca4d000 ---p 00017000 08:01 11409687                   /usr/lib/libz.so.1.2.11
7f944ca4d000-7f944ca4e000 r--p 00017000 08:01 11409687                   /usr/lib/libz.so.1.2.11
7f944ca4e000-7f944ca4f000 rw-p 00018000 08:01 11409687                   /usr/lib/libz.so.1.2.11
7f944ca4f000-7f944ca75000 r--p 00000000 08:01 11409382                   /usr/lib/libc-2.33.so
7f944ca75000-7f944cbc0000 r-xp 00026000 08:01 11409382                   /usr/lib/libc-2.33.so
7f944cbc0000-7f944cc0c000 r--p 00171000 08:01 11409382                   /usr/lib/libc-2.33.so
7f944cc0c000-7f944cc0f000 r--p 001bc000 08:01 11409382                   /usr/lib/libc-2.33.so
7f944cc0f000-7f944cc12000 rw-p 001bf000 08:01 11409382                   /usr/lib/libc-2.33.so
7f944cc12000-7f944cc1b000 rw-p 00000000 00:00 0 
7f944cc1b000-7f944cc1c000 r--s 00002000 08:01 11540994                   /usr/share/arduino/lib/batik-ext-1.8.jar
7f944cc1c000-7f944cc1d000 r--s 00001000 08:01 11540987                   /usr/share/arduino/lib/batik-1.8.jar
7f944cc1d000-7f944cc20000 r--s 00004000 08:01 11540981                   /usr/share/arduino/lib/apple.jar
7f944cc20000-7f944cc28000 rw-s 00000000 00:1e 262                        /tmp/hsperfdata_tape/7412
7f944cc28000-7f944cc29000 rw-p 00000000 00:00 0 
7f944cc29000-7f944cc2a000 r--p 00000000 00:00 0 
7f944cc2a000-7f944cc2f000 r--p 00000000 08:01 11540846                   /usr/lib/jvm/java-8-openjdk/jre/lib/amd64/libverify.so
7f944cc2f000-7f944cc36000 r-xp 00005000 08:01 11540846                   /usr/lib/jvm/java-8-openjdk/jre/lib/amd64/libverify.so
7f944cc36000-7f944cc38000 r--p 0000c000 08:01 11540846                   /usr/lib/jvm/java-8-openjdk/jre/lib/amd64/libverify.so
7f944cc38000-7f944cc39000 ---p 0000e000 08:01 11540846                   /usr/lib/jvm/java-8-openjdk/jre/lib/amd64/libverify.so
7f944cc39000-7f944cc3b000 r--p 0000e000 08:01 11540846                   /usr/lib/jvm/java-8-openjdk/jre/lib/amd64/libverify.so
7f944cc3b000-7f944cc3c000 rw-p 00010000 08:01 11540846                   /usr/lib/jvm/java-8-openjdk/jre/lib/amd64/libverify.so
7f944cc3c000-7f944cc3f000 r--p 00000000 08:01 11540815                   /usr/lib/jvm/java-8-openjdk/jre/lib/amd64/jli/libjli.so
7f944cc3f000-7f944cc48000 r-xp 00003000 08:01 11540815                   /usr/lib/jvm/java-8-openjdk/jre/lib/amd64/jli/libjli.so
7f944cc48000-7f944cc4b000 r--p 0000c000 08:01 11540815                   /usr/lib/jvm/java-8-openjdk/jre/lib/amd64/jli/libjli.so
7f944cc4b000-7f944cc4c000 r--p 0000e000 08:01 11540815                   /usr/lib/jvm/java-8-openjdk/jre/lib/amd64/jli/libjli.so
7f944cc4c000-7f944cc4d000 rw-p 0000f000 08:01 11540815                   /usr/lib/jvm/java-8-openjdk/jre/lib/amd64/jli/libjli.so
7f944cc4d000-7f944cc4f000 rw-p 00000000 00:00 0 
7f944cc4f000-7f944cc50000 r--p 00000000 08:01 11409330                   /usr/lib/ld-2.33.so
7f944cc50000-7f944cc74000 r-xp 00001000 08:01 11409330                   /usr/lib/ld-2.33.so
7f944cc74000-7f944cc7d000 r--p 00025000 08:01 11409330                   /usr/lib/ld-2.33.so
7f944cc7d000-7f944cc7f000 r--p 0002d000 08:01 11409330                   /usr/lib/ld-2.33.so
7f944cc7f000-7f944cc81000 rw-p 0002f000 08:01 11409330                   /usr/lib/ld-2.33.so
7fffca765000-7fffca787000 rw-p 00000000 00:00 0                          [stack]
7fffca7f4000-7fffca7f8000 r--p 00000000 00:00 0                          [vvar]
7fffca7f8000-7fffca7fa000 r-xp 00000000 00:00 0                          [vdso]
ffffffffff600000-ffffffffff601000 --xp 00000000 00:00 0                  [vsyscall]

VM Arguments:
jvm_args: -DAPP_DIR=/usr/share/arduino 
java_command: processing.app.Base --board arduino:avr:mega:cpu=atmega2560 --verify --verbose-build /home/tape/Desktop/tpu_arduino/tpu_arduino.ino
java_class_path (initial): :/usr/share/arduino/java/lib/rt.jar:/usr/share/arduino/java/lib/tools.jar:/usr/share/arduino/lib/apple.jar:/usr/share/arduino/lib/arduino-core.jar:/usr/share/arduino/lib/batik-1.8.jar:/usr/share/arduino/lib/batik-anim-1.8.jar:/usr/share/arduino/lib/batik-awt-util-1.8.jar:/usr/share/arduino/lib/batik-bridge-1.8.jar:/usr/share/arduino/lib/batik-codec-1.8.jar:/usr/share/arduino/lib/batik-css-1.8.jar:/usr/share/arduino/lib/batik-dom-1.8.jar:/usr/share/arduino/lib/batik-ext-1.8.jar:/usr/share/arduino/lib/batik-gvt-1.8.jar:/usr/share/arduino/lib/batik-parser-1.8.jar:/usr/share/arduino/lib/batik-rasterizer-1.8.jar:/usr/share/arduino/lib/batik-script-1.8.jar:/usr/share/arduino/lib/batik-squiggle-1.8.jar:/usr/share/arduino/lib/batik-svg-dom-1.8.jar:/usr/share/arduino/lib/batik-svgpp-1.8.jar:/usr/share/arduino/lib/batik-transcoder-1.8.jar:/usr/share/arduino/lib/batik-util-1.8.jar:/usr/share/arduino/lib/batik-xml-1.8.jar:/usr/share/arduino/lib/bcpg-jdk15on-152.jar:/usr/share/arduino/lib/bcprov-jdk15on-152.jar:/usr/share/arduino/lib/commons-codec-1.7.jar:/usr/share/arduino/lib/commons-compress-1.8.jar:/usr/share/arduino/lib/commons-exec-1.1.jar:/usr/share/arduino/lib/commons-httpclient-3.1.jar:/usr/share/arduino/lib/commons-io-2.6.jar:/usr/share/arduino/lib/commons-lang3-3.8.1.jar:/usr/share/arduino/lib/commons-logging-1.0.4.jar:/usr/share/arduino/lib/commons-net-3.3.jar:/usr/share/arduino/lib/jackson-annotations-2.9.5.jar:/usr/share/arduino/lib/jackson-core-2.9.5.jar:/usr/share/arduino/lib/jackson-databind-2.9.5.jar:/usr/share/arduino/lib/java-semver-0.8.0.jar:/usr/share/arduino/lib/jmdns-3.5.5.jar:/usr/share/arduino/lib/jna-4.2.2.jar:/usr/share/arduino/lib/jna-platform-4.2.2.jar:/usr/share/arduino/lib/jsch-0.1.50.jar:/usr/share/arduino/lib/jssc-2.8.0-arduino4.jar:/usr/share/arduino/lib/jtouchbar-1.0.0.jar:/usr/share/arduino/lib/log4j-api-2.12.0.jar:/usr/share/arduino/lib/log4j-core-2.12.0.jar:/usr/share/arduino/lib/pde.jar:/usr/share/arduino/lib/r
Launcher Type: SUN_STANDARD

Environment Variables:
JAVA_TOOL_OPTIONS=
PATH=/usr/share/arduino/java/bin:/usr/lib/jvm/java-8-openjdk/bin/:/home/tape/.local/bin:/home/tape/.local/bin:/usr/local/bin:/usr/bin:/bin:/usr/local/sbin:/usr/lib/jvm/default/bin:/usr/bin/site_perl:/usr/bin/vendor_perl:/usr/bin/core_perl:/usr/lib/jvm/default/bin
LD_LIBRARY_PATH=/usr/share/arduino/lib
SHELL=/bin/bash
DISPLAY=:0.0

Signal Handlers:
SIGSEGV: [libjvm.so+0xaf9470], sa_mask[0]=11111111011111111101111111111110, sa_flags=SA_RESTART|SA_SIGINFO
SIGBUS: [libjvm.so+0xaf9470], sa_mask[0]=11111111011111111101111111111110, sa_flags=SA_RESTART|SA_SIGINFO
SIGFPE: [libjvm.so+0x9465c0], sa_mask[0]=11111111011111111101111111111110, sa_flags=SA_RESTART|SA_SIGINFO
SIGPIPE: [libjvm.so+0x9465c0], sa_mask[0]=11111111011111111101111111111110, sa_flags=SA_RESTART|SA_SIGINFO
SIGXFSZ: [libjvm.so+0x9465c0], sa_mask[0]=11111111011111111101111111111110, sa_flags=SA_RESTART|SA_SIGINFO
SIGILL: [libjvm.so+0x9465c0], sa_mask[0]=11111111011111111101111111111110, sa_flags=SA_RESTART|SA_SIGINFO
SIGUSR1: SIG_DFL, sa_mask[0]=00000000000000000000000000000000, sa_flags=none
SIGUSR2: [libjvm.so+0x9463a0], sa_mask[0]=00000000000000000000000000000000, sa_flags=SA_RESTART|SA_SIGINFO
SIGHUP: [libjvm.so+0x946860], sa_mask[0]=11111111011111111101111111111110, sa_flags=SA_RESTART|SA_SIGINFO
SIGINT: [libjvm.so+0x946860], sa_mask[0]=11111111011111111101111111111110, sa_flags=SA_RESTART|SA_SIGINFO
SIGTERM: [libjvm.so+0x946860], sa_mask[0]=11111111011111111101111111111110, sa_flags=SA_RESTART|SA_SIGINFO
SIGQUIT: [libjvm.so+0x946860], sa_mask[0]=11111111011111111101111111111110, sa_flags=SA_RESTART|SA_SIGINFO


---------------  S Y S T E M  ---------------

OS:DISTRIB_ID=ManjaroLinux
DISTRIB_RELEASE=21.1.6
DISTRIB_CODENAME=Pahvo
DISTRIB_DESCRIPTION="Manjaro Linux"

uname:Linux 5.13.19-2-MANJARO #1 SMP PREEMPT Sun Sep 19 21:31:53 UTC 2021 x86_64
libc:glibc 2.33 NPTL 2.33 
rlimit: STACK 8192k, CORE infinity, NPROC 15629, NOFILE 524288, AS infinity
load average:1.06 1.00 1.03

/proc/meminfo:
MemTotal:        4020548 kB
MemFree:          129596 kB
MemAvailable:    1928404 kB
Buffers:           83212 kB
Cached:          2017536 kB
SwapCached:            0 kB
Active:           896852 kB
Inactive:        2688612 kB
Active(anon):      32436 kB
Inactive(anon):  1603188 kB
Active(file):     864416 kB
Inactive(file):  1085424 kB
Unevictable:          64 kB
Mlocked:              64 kB
SwapTotal:             0 kB
SwapFree:              0 kB
Dirty:                32 kB
Writeback:             0 kB
AnonPages:       1484800 kB
Mapped:           524096 kB
Shmem:            150908 kB
KReclaimable:     107160 kB
Slab:             162628 kB
SReclaimable:     107160 kB
SUnreclaim:        55468 kB
KernelStack:        9364 kB
PageTables:        22196 kB
NFS_Unstable:          0 kB
Bounce:                0 kB
WritebackTmp:          0 kB
CommitLimit:     2010272 kB
Committed_AS:    5985336 kB
VmallocTotal:   34359738367 kB
VmallocUsed:       28240 kB
VmallocChunk:          0 kB
Percpu:             2304 kB
HardwareCorrupted:     0 kB
AnonHugePages:         0 kB
ShmemHugePages:        0 kB
ShmemPmdMapped:        0 kB
FileHugePages:         0 kB
FilePmdMapped:         0 kB
CmaTotal:              0 kB
CmaFree:               0 kB
HugePages_Total:       0
HugePages_Free:        0
HugePages_Rsvd:        0
HugePages_Surp:        0
Hugepagesize:       2048 kB
Hugetlb:               0 kB
DirectMap4k:      229952 kB
DirectMap2M:     3962880 kB


CPU:total 2 (initial active 2) (2 cores per cpu, 1 threads per core) family 6 model 15 stepping 11, cmov, cx8, fxsr, mmx, sse, sse2, sse3, ssse3, tsc

/proc/cpuinfo:
processor	: 0
vendor_id	: GenuineIntel
cpu family	: 6
model		: 15
model name	: Intel(R) Core(TM)2 Duo CPU     E6750  @ 2.66GHz
stepping	: 11
microcode	: 0xba
cpu MHz		: 2477.449
cache size	: 4096 KB
physical id	: 0
siblings	: 2
core id		: 0
cpu cores	: 2
apicid		: 0
initial apicid	: 0
fpu		: yes
fpu_exception	: yes
cpuid level	: 10
wp		: yes
flags		: fpu vme de pse tsc msr pae mce cx8 apic sep mtrr pge mca cmov pat pse36 clflush dts acpi mmx fxsr sse sse2 ht tm pbe syscall nx lm constant_tsc arch_perfmon pebs bts rep_good nopl cpuid aperfmperf pni dtes64 monitor ds_cpl smx est tm2 ssse3 cx16 xtpr pdcm lahf_lm pti dtherm
bugs		: cpu_meltdown spectre_v1 spectre_v2 spec_store_bypass l1tf mds swapgs itlb_multihit
bogomips	: 5335.67
clflush size	: 64
cache_alignment	: 64
address sizes	: 36 bits physical, 48 bits virtual
power management:

processor	: 1
vendor_id	: GenuineIntel
cpu family	: 6
model		: 15
model name	: Intel(R) Core(TM)2 Duo CPU     E6750  @ 2.66GHz
stepping	: 11
microcode	: 0xba
cpu MHz		: 2666.725
cache size	: 4096 KB
physical id	: 0
siblings	: 2
core id		: 1
cpu cores	: 2
apicid		: 1
initial apicid	: 1
fpu		: yes
fpu_exception	: yes
cpuid level	: 10
wp		: yes
flags		: fpu vme de pse tsc msr pae mce cx8 apic sep mtrr pge mca cmov pat pse36 clflush dts acpi mmx fxsr sse sse2 ht tm pbe syscall nx lm constant_tsc arch_perfmon pebs bts rep_good nopl cpuid aperfmperf pni dtes64 monitor ds_cpl smx est tm2 ssse3 cx16 xtpr pdcm lahf_lm pti dtherm
bugs		: cpu_meltdown spectre_v1 spectre_v2 spec_store_bypass l1tf mds swapgs itlb_multihit
bogomips	: 5335.67
clflush size	: 64
cache_alignment	: 64
address sizes	: 36 bits physical, 48 bits virtual
power management:



Memory: 4k page, physical 4020548k(129056k free), swap 0k(0k free)

vm_info: OpenJDK 64-Bit Server VM (25.292-b10) for linux-amd64 JRE (1.8.0_292-b10), built on Apr 24 2021 01:44:11 by "builduser" with gcc 10.2.0

time: Tue Nov 16 16:57:21 2021
timezone: PST
elapsed time: 2.616171 seconds (0d 0h 0m 2s)

